<?xml version="1.0" encoding="UTF-8"?>
<testsuite xmlns:xsi="http://www.w3.org/2001/XMLSchema-instance" xsi:noNamespaceSchemaLocation="https://maven.apache.org/surefire/maven-surefire-plugin/xsd/surefire-test-report.xsd" name="US002 User Join Now" time="252.402" tests="18" errors="1" skipped="0" failures="8">
  <properties>
[...]
</properties>
  <testcase name="tc005  gecerli Sign in test" classname="US002 User Join Now" time="141.748">
    <error message="Expected condition failed: waiting for visibility of Proxy element for: DefaultElementLocator &apos;By.xpath: //div[@class=&apos;alert alert-success&apos;]&apos; (tried for 30 second(s) with 500 milliseconds interval)" type="org.openqa.selenium.TimeoutException">org.openqa.selenium.TimeoutException: Expected condition failed: waiting for visibility of Proxy element for: DefaultElementLocator 'By.xpath: //div[@class='alert alert-success']' (tried for 30 second(s) with 500 milliseconds interval)
Caused by: org.openqa.selenium.NoSuchElementException: 
no such element: Unable to locate element: {"method":"xpath","selector":"//div[@class='alert alert-success']"}
  (Session info: chrome=86.0.4240.111)
For documentation on this error, please visit: https://www.seleniumhq.org/exceptions/no_such_element.html
Build info: version: '3.141.59', revision: 'e82be7d358', time: '2018-11-14T08:17:03'
System info: host: 'USER-BILGISAYAR', ip: '192.168.178.47', os.name: 'Windows 10', os.arch: 'amd64', os.version: '10.0', java.version: '15'
Driver info: org.openqa.selenium.chrome.ChromeDriver
Capabilities {acceptInsecureCerts: false, browserName: chrome, browserVersion: 86.0.4240.111, chrome: {chromedriverVersion: 86.0.4240.22 (398b0743353ff..., userDataDir: C:\Users\ADMINI~1\AppData\L...}, goog:chromeOptions: {debuggerAddress: localhost:58985}, javascriptEnabled: true, networkConnectionEnabled: false, pageLoadStrategy: normal, platform: WINDOWS, platformName: WINDOWS, proxy: Proxy(), setWindowRect: true, strictFileInteractability: false, timeouts: {implicit: 0, pageLoad: 300000, script: 30000}, unhandledPromptBehavior: dismiss and notify, webauthn:virtualAuthenticators: true}
Session ID: a9d0c072e5ca0f0e11fd27daf837fef8
*** Element info: {Using=xpath, value=//div[@class='alert alert-success']}
</error>
    <system-out><![CDATA[Oct 22, 2020 9:15:25 PM io.cucumber.junit.Cucumber <init>
WARNING: By default Cucumber is running in --non-strict mode.
This default will change to --strict and --non-strict will be removed.
You can use --strict or @CucumberOptions(strict = true) to suppress this warning

&amp#27;[31mFailed scenarios:&amp#27;[0m
&amp#27;[31mfile:///C:/Users/Administrator/IdeaProjects/GlbTrader/src/test/resources/features/US002.feature:6&amp#27;[0m# tc005  gecerli Sign in test
&amp#27;[31mfile:///C:/Users/Administrator/IdeaProjects/GlbTrader/src/test/resources/features/US002.feature:39&amp#27;[0m# tc007 Gecersiz Name Testi
&amp#27;[31mfile:///C:/Users/Administrator/IdeaProjects/GlbTrader/src/test/resources/features/US002.feature:40&amp#27;[0m# tc007 Gecersiz Name Testi
&amp#27;[31mfile:///C:/Users/Administrator/IdeaProjects/GlbTrader/src/test/resources/features/US002.feature:41&amp#27;[0m# tc007 Gecersiz Name Testi
&amp#27;[31mfile:///C:/Users/Administrator/IdeaProjects/GlbTrader/src/test/resources/features/US002.feature:42&amp#27;[0m# tc007 Gecersiz Name Testi
&amp#27;[31mfile:///C:/Users/Administrator/IdeaProjects/GlbTrader/src/test/resources/features/US002.feature:54&amp#27;[0m# tc008 Gecersiz Mobile Testi
&amp#27;[31mfile:///C:/Users/Administrator/IdeaProjects/GlbTrader/src/test/resources/features/US002.feature:55&amp#27;[0m# tc008 Gecersiz Mobile Testi
&amp#27;[31mfile:///C:/Users/Administrator/IdeaProjects/GlbTrader/src/test/resources/features/US002.feature:56&amp#27;[0m# tc008 Gecersiz Mobile Testi
&amp#27;[31mfile:///C:/Users/Administrator/IdeaProjects/GlbTrader/src/test/resources/features/US002.feature:57&amp#27;[0m# tc008 Gecersiz Mobile Testi

18 Scenarios (&amp#27;[31m9 failed&amp#27;[0m, &amp#27;[32m9 passed&amp#27;[0m)
87 Steps (&amp#27;[31m9 failed&amp#27;[0m, &amp#27;[32m78 passed&amp#27;[0m)
4m12.406s


org.openqa.selenium.TimeoutException: Expected condition failed: waiting for visibility of Proxy element for: DefaultElementLocator 'By.xpath: //div[@class='alert alert-success']' (tried for 30 second(s) with 500 milliseconds interval)
	at org.openqa.selenium.support.ui.WebDriverWait.timeoutException(WebDriverWait.java:95)
	at org.openqa.selenium.support.ui.FluentWait.until(FluentWait.java:272)
	at stepdefinitions.US002StepDefinition.tc005_user_Sign_Up_butonuna_tiklayabilmelidir(US002StepDefinition.java:83)
	at ?.tc005 user Sign Up butonuna tiklayabilmelidir(file:///C:/Users/Administrator/IdeaProjects/GlbTrader/src/test/resources/features/US002.feature:15)
Caused by: org.openqa.selenium.NoSuchElementException: no such element: Unable to locate element: {"method":"xpath","selector":"//div[@class='alert alert-success']"}
  (Session info: chrome=86.0.4240.111)
For documentation on this error, please visit: https://www.seleniumhq.org/exceptions/no_such_element.html
Build info: version: '3.141.59', revision: 'e82be7d358', time: '2018-11-14T08:17:03'
System info: host: 'USER-BILGISAYAR', ip: '192.168.178.47', os.name: 'Windows 10', os.arch: 'amd64', os.version: '10.0', java.version: '15'
Driver info: org.openqa.selenium.chrome.ChromeDriver
Capabilities {acceptInsecureCerts: false, browserName: chrome, browserVersion: 86.0.4240.111, chrome: {chromedriverVersion: 86.0.4240.22 (398b0743353ff..., userDataDir: C:\Users\ADMINI~1\AppData\L...}, goog:chromeOptions: {debuggerAddress: localhost:58985}, javascriptEnabled: true, networkConnectionEnabled: false, pageLoadStrategy: normal, platform: WINDOWS, platformName: WINDOWS, proxy: Proxy(), setWindowRect: true, strictFileInteractability: false, timeouts: {implicit: 0, pageLoad: 300000, script: 30000}, unhandledPromptBehavior: dismiss and notify, webauthn:virtualAuthenticators: true}
Session ID: a9d0c072e5ca0f0e11fd27daf837fef8
*** Element info: {Using=xpath, value=//div[@class='alert alert-success']}
	at java.base/jdk.internal.reflect.NativeConstructorAccessorImpl.newInstance0(Native Method)
	at java.base/jdk.internal.reflect.NativeConstructorAccessorImpl.newInstance(NativeConstructorAccessorImpl.java:64)
	at java.base/jdk.internal.reflect.DelegatingConstructorAccessorImpl.newInstance(DelegatingConstructorAccessorImpl.java:45)
	at java.base/java.lang.reflect.Constructor.newInstanceWithCaller(Constructor.java:500)
	at java.base/java.lang.reflect.Constructor.newInstance(Constructor.java:481)
	at org.openqa.selenium.remote.http.W3CHttpResponseCodec.createException(W3CHttpResponseCodec.java:187)
	at org.openqa.selenium.remote.http.W3CHttpResponseCodec.decode(W3CHttpResponseCodec.java:122)
	at org.openqa.selenium.remote.http.W3CHttpResponseCodec.decode(W3CHttpResponseCodec.java:49)
	at org.openqa.selenium.remote.HttpCommandExecutor.execute(HttpCommandExecutor.java:158)
	at org.openqa.selenium.remote.service.DriverCommandExecutor.execute(DriverCommandExecutor.java:83)
	at org.openqa.selenium.remote.RemoteWebDriver.execute(RemoteWebDriver.java:552)
	at org.openqa.selenium.remote.RemoteWebDriver.findElement(RemoteWebDriver.java:323)
	at org.openqa.selenium.remote.RemoteWebDriver.findElementByXPath(RemoteWebDriver.java:428)
	at org.openqa.selenium.By$ByXPath.findElement(By.java:353)
	at org.openqa.selenium.remote.RemoteWebDriver.findElement(RemoteWebDriver.java:315)
	at org.openqa.selenium.support.pagefactory.DefaultElementLocator.findElement(DefaultElementLocator.java:69)
	at org.openqa.selenium.support.pagefactory.internal.LocatingElementHandler.invoke(LocatingElementHandler.java:38)
	at com.sun.proxy.$Proxy19.isDisplayed(Unknown Source)
	at org.openqa.selenium.support.ui.ExpectedConditions.elementIfVisible(ExpectedConditions.java:314)
	at org.openqa.selenium.support.ui.ExpectedConditions.access$000(ExpectedConditions.java:43)
	at org.openqa.selenium.support.ui.ExpectedConditions$10.apply(ExpectedConditions.java:300)
	at org.openqa.selenium.support.ui.ExpectedConditions$10.apply(ExpectedConditions.java:297)
	at org.openqa.selenium.support.ui.FluentWait.until(FluentWait.java:249)
	at stepdefinitions.US002StepDefinition.tc005_user_Sign_Up_butonuna_tiklayabilmelidir(US002StepDefinition.java:83)
	at java.base/jdk.internal.reflect.NativeMethodAccessorImpl.invoke0(Native Method)
	at java.base/jdk.internal.reflect.NativeMethodAccessorImpl.invoke(NativeMethodAccessorImpl.java:64)
	at java.base/jdk.internal.reflect.DelegatingMethodAccessorImpl.invoke(DelegatingMethodAccessorImpl.java:43)
	at java.base/java.lang.reflect.Method.invoke(Method.java:564)
	at io.cucumber.java.Invoker.invoke(Invoker.java:27)
	at io.cucumber.java.JavaStepDefinition.execute(JavaStepDefinition.java:27)
	at io.cucumber.core.runner.PickleStepDefinitionMatch.runStep(PickleStepDefinitionMatch.java:63)
	at io.cucumber.core.runner.TestStep.executeStep(TestStep.java:64)
	at io.cucumber.core.runner.TestStep.run(TestStep.java:49)
	at io.cucumber.core.runner.PickleStepTestStep.run(PickleStepTestStep.java:46)
	at io.cucumber.core.runner.TestCase.run(TestCase.java:51)
	at io.cucumber.core.runner.Runner.runPickle(Runner.java:67)
	at io.cucumber.junit.PickleRunners$NoStepDescriptions.run(PickleRunners.java:149)
	at io.cucumber.junit.FeatureRunner.runChild(FeatureRunner.java:83)
	at io.cucumber.junit.FeatureRunner.runChild(FeatureRunner.java:24)
	at org.junit.runners.ParentRunner$4.run(ParentRunner.java:331)
	at org.junit.runners.ParentRunner$1.schedule(ParentRunner.java:79)
	at org.junit.runners.ParentRunner.runChildren(ParentRunner.java:329)
	at org.junit.runners.ParentRunner.access$100(ParentRunner.java:66)
	at org.junit.runners.ParentRunner$2.evaluate(ParentRunner.java:293)
	at org.junit.runners.ParentRunner$3.evaluate(ParentRunner.java:306)
	at org.junit.runners.ParentRunner.run(ParentRunner.java:413)
	at io.cucumber.junit.Cucumber.runChild(Cucumber.java:185)
	at io.cucumber.junit.Cucumber.runChild(Cucumber.java:83)
	at org.junit.runners.ParentRunner$4.run(ParentRunner.java:331)
	at org.apache.maven.surefire.junitcore.pc.Scheduler$1.run(Scheduler.java:405)
	at org.apache.maven.surefire.junitcore.pc.InvokerStrategy.schedule(InvokerStrategy.java:54)
	at org.apache.maven.surefire.junitcore.pc.Scheduler.schedule(Scheduler.java:362)
	at org.junit.runners.ParentRunner.runChildren(ParentRunner.java:329)
	at org.junit.runners.ParentRunner.access$100(ParentRunner.java:66)
	at org.junit.runners.ParentRunner$2.evaluate(ParentRunner.java:293)
	at io.cucumber.junit.Cucumber$RunCucumber.evaluate(Cucumber.java:219)
	at org.junit.runners.ParentRunner$3.evaluate(ParentRunner.java:306)
	at org.junit.runners.ParentRunner.run(ParentRunner.java:413)
	at org.junit.runners.Suite.runChild(Suite.java:128)
	at org.junit.runners.Suite.runChild(Suite.java:27)
	at org.junit.runners.ParentRunner$4.run(ParentRunner.java:331)
	at org.apache.maven.surefire.junitcore.pc.Scheduler$1.run(Scheduler.java:405)
	at java.base/java.util.concurrent.Executors$RunnableAdapter.call(Executors.java:515)
	at java.base/java.util.concurrent.FutureTask.run(FutureTask.java:264)
	at java.base/java.util.concurrent.ThreadPoolExecutor.runWorker(ThreadPoolExecutor.java:1130)
	at java.base/java.util.concurrent.ThreadPoolExecutor$Worker.run(ThreadPoolExecutor.java:630)
	at java.base/java.lang.Thread.run(Thread.java:832)

java.lang.AssertionError: expected:<3> but was:<5>
	at org.junit.Assert.fail(Assert.java:89)
	at org.junit.Assert.failNotEquals(Assert.java:835)
	at org.junit.Assert.assertEquals(Assert.java:647)
	at org.junit.Assert.assertEquals(Assert.java:633)
	at stepdefinitions.US002StepDefinition.tc007_user_Name_girer(US002StepDefinition.java:101)
	at ?.tc007 user Name "ABC1 C3" girer(file:///C:/Users/Administrator/IdeaProjects/GlbTrader/src/test/resources/features/US002.feature:35)

java.lang.AssertionError: expected:<3> but was:<5>
	at org.junit.Assert.fail(Assert.java:89)
	at org.junit.Assert.failNotEquals(Assert.java:835)
	at org.junit.Assert.assertEquals(Assert.java:647)
	at org.junit.Assert.assertEquals(Assert.java:633)
	at stepdefinitions.US002StepDefinition.tc007_user_Name_girer(US002StepDefinition.java:101)
	at ?.tc007 user Name "3ABC 3L" girer(file:///C:/Users/Administrator/IdeaProjects/GlbTrader/src/test/resources/features/US002.feature:35)

java.lang.AssertionError: expected:<3> but was:<5>
	at org.junit.Assert.fail(Assert.java:89)
	at org.junit.Assert.failNotEquals(Assert.java:835)
	at org.junit.Assert.assertEquals(Assert.java:647)
	at org.junit.Assert.assertEquals(Assert.java:633)
	at stepdefinitions.US002StepDefinition.tc007_user_Name_girer(US002StepDefinition.java:101)
	at ?.tc007 user Name "abc5 b5" girer(file:///C:/Users/Administrator/IdeaProjects/GlbTrader/src/test/resources/features/US002.feature:35)

java.lang.AssertionError: expected:<3> but was:<5>
	at org.junit.Assert.fail(Assert.java:89)
	at org.junit.Assert.failNotEquals(Assert.java:835)
	at org.junit.Assert.assertEquals(Assert.java:647)
	at org.junit.Assert.assertEquals(Assert.java:633)
	at stepdefinitions.US002StepDefinition.tc007_user_Name_girer(US002StepDefinition.java:101)
	at ?.tc007 user Name "8abc 9a" girer(file:///C:/Users/Administrator/IdeaProjects/GlbTrader/src/test/resources/features/US002.feature:35)

java.lang.AssertionError: expected:<3> but was:<5>
	at org.junit.Assert.fail(Assert.java:89)
	at org.junit.Assert.failNotEquals(Assert.java:835)
	at org.junit.Assert.assertEquals(Assert.java:647)
	at org.junit.Assert.assertEquals(Assert.java:633)
	at stepdefinitions.US002StepDefinition.tc008_user_Mobile_girer(US002StepDefinition.java:109)
	at ?.tc008 user Mobile "0533A4562" girer(file:///C:/Users/Administrator/IdeaProjects/GlbTrader/src/test/resources/features/US002.feature:50)

java.lang.AssertionError: expected:<3> but was:<5>
	at org.junit.Assert.fail(Assert.java:89)
	at org.junit.Assert.failNotEquals(Assert.java:835)
	at org.junit.Assert.assertEquals(Assert.java:647)
	at org.junit.Assert.assertEquals(Assert.java:633)
	at stepdefinitions.US002StepDefinition.tc008_user_Mobile_girer(US002StepDefinition.java:109)
	at ?.tc008 user Mobile "A05335623" girer(file:///C:/Users/Administrator/IdeaProjects/GlbTrader/src/test/resources/features/US002.feature:50)

java.lang.AssertionError: expected:<3> but was:<5>
	at org.junit.Assert.fail(Assert.java:89)
	at org.junit.Assert.failNotEquals(Assert.java:835)
	at org.junit.Assert.assertEquals(Assert.java:647)
	at org.junit.Assert.assertEquals(Assert.java:633)
	at stepdefinitions.US002StepDefinition.tc008_user_Mobile_girer(US002StepDefinition.java:109)
	at ?.tc008 user Mobile "05334961a" girer(file:///C:/Users/Administrator/IdeaProjects/GlbTrader/src/test/resources/features/US002.feature:50)

java.lang.AssertionError: expected:<3> but was:<5>
	at org.junit.Assert.fail(Assert.java:89)
	at org.junit.Assert.failNotEquals(Assert.java:835)
	at org.junit.Assert.assertEquals(Assert.java:647)
	at org.junit.Assert.assertEquals(Assert.java:633)
	at stepdefinitions.US002StepDefinition.tc008_user_Mobile_girer(US002StepDefinition.java:109)
	at ?.tc008 user Mobile "a05334466" girer(file:///C:/Users/Administrator/IdeaProjects/GlbTrader/src/test/resources/features/US002.feature:50)


setUp methodu çal??t?.
tearDown methodu çal??t?.
]]></system-out>
    <system-err><![CDATA[SLF4J: Failed to load class "org.slf4j.impl.StaticLoggerBinder".
SLF4J: Defaulting to no-operation (NOP) logger implementation
SLF4J: See http://www.slf4j.org/codes.html#StaticLoggerBinder for further details.
Starting ChromeDriver 86.0.4240.22 (398b0743353ff36fb1b82468f63a3a93b4e2e89e-refs/branch-heads/4240@{#378}) on port 38657
Only local connections are allowed.
Please see https://chromedriver.chromium.org/security-considerations for suggestions on keeping ChromeDriver safe.
ChromeDriver was started successfully.
Oct 22, 2020 9:15:38 PM org.openqa.selenium.remote.ProtocolHandshake createSession
INFO: Detected dialect: W3C
]]></system-err>
  </testcase>
  <testcase name="tc006 Gecersiz Email Testi" classname="US002 User Join Now" time="6.57"/>
  <testcase name="tc006 Gecersiz Email Testi" classname="US002 User Join Now" time="6.239"/>
  <testcase name="tc006 Gecersiz Email Testi" classname="US002 User Join Now" time="7.303"/>
  <testcase name="tc006 Gecersiz Email Testi" classname="US002 User Join Now" time="7.276"/>
  <testcase name="tc007 Gecersiz Name Testi" classname="US002 User Join Now" time="6.444">
    <failure message="expected:&lt;3&gt; but was:&lt;5&gt;" type="java.lang.AssertionError"><![CDATA[java.lang.AssertionError: expected:<3> but was:<5>
]]></failure>
    <system-out><![CDATA[setUp methodu çal??t?.
tearDown methodu çal??t?.
]]></system-out>
  </testcase>
  <testcase name="tc007 Gecersiz Name Testi" classname="US002 User Join Now" time="6.367">
    <failure message="expected:&lt;3&gt; but was:&lt;5&gt;" type="java.lang.AssertionError"><![CDATA[java.lang.AssertionError: expected:<3> but was:<5>
]]></failure>
    <system-out><![CDATA[setUp methodu çal??t?.
tearDown methodu çal??t?.
]]></system-out>
  </testcase>
  <testcase name="tc007 Gecersiz Name Testi" classname="US002 User Join Now" time="6.741">
    <failure message="expected:&lt;3&gt; but was:&lt;5&gt;" type="java.lang.AssertionError"><![CDATA[java.lang.AssertionError: expected:<3> but was:<5>
]]></failure>
    <system-out><![CDATA[setUp methodu çal??t?.
tearDown methodu çal??t?.
]]></system-out>
  </testcase>
  <testcase name="tc007 Gecersiz Name Testi" classname="US002 User Join Now" time="5.07">
    <failure message="expected:&lt;3&gt; but was:&lt;5&gt;" type="java.lang.AssertionError"><![CDATA[java.lang.AssertionError: expected:<3> but was:<5>
]]></failure>
    <system-out><![CDATA[setUp methodu çal??t?.
tearDown methodu çal??t?.
]]></system-out>
  </testcase>
  <testcase name="tc008 Gecersiz Mobile Testi" classname="US002 User Join Now" time="6.769">
    <failure message="expected:&lt;3&gt; but was:&lt;5&gt;" type="java.lang.AssertionError"><![CDATA[java.lang.AssertionError: expected:<3> but was:<5>
]]></failure>
    <system-out><![CDATA[setUp methodu çal??t?.
tearDown methodu çal??t?.
]]></system-out>
  </testcase>
  <testcase name="tc008 Gecersiz Mobile Testi" classname="US002 User Join Now" time="5.909">
    <failure message="expected:&lt;3&gt; but was:&lt;5&gt;" type="java.lang.AssertionError"><![CDATA[java.lang.AssertionError: expected:<3> but was:<5>
]]></failure>
    <system-out><![CDATA[setUp methodu çal??t?.
tearDown methodu çal??t?.
]]></system-out>
  </testcase>
  <testcase name="tc008 Gecersiz Mobile Testi" classname="US002 User Join Now" time="6.28">
    <failure message="expected:&lt;3&gt; but was:&lt;5&gt;" type="java.lang.AssertionError"><![CDATA[java.lang.AssertionError: expected:<3> but was:<5>
]]></failure>
    <system-out><![CDATA[setUp methodu çal??t?.
tearDown methodu çal??t?.
]]></system-out>
  </testcase>
  <testcase name="tc008 Gecersiz Mobile Testi" classname="US002 User Join Now" time="7.552">
    <failure message="expected:&lt;3&gt; but was:&lt;5&gt;" type="java.lang.AssertionError"><![CDATA[java.lang.AssertionError: expected:<3> but was:<5>
]]></failure>
    <system-out><![CDATA[setUp methodu çal??t?.
tearDown methodu çal??t?.
]]></system-out>
  </testcase>
  <testcase name="tc009 Gecersiz Password Testi" classname="US002 User Join Now" time="6.594"/>
  <testcase name="tc009 Gecersiz Password Testi" classname="US002 User Join Now" time="6.183"/>
  <testcase name="tc009 Gecersiz Password Testi" classname="US002 User Join Now" time="5.735"/>
  <testcase name="tc009 Gecersiz Password Testi" classname="US002 User Join Now" time="6.275"/>
  <testcase name="tc010 Login" classname="US002 User Join Now" time="7.333"/>
</testsuite>