<?xml version="1.0" encoding="UTF-8" standalone="no"?>
<<<<<<< HEAD
<<<<<<< HEAD
<<<<<<< HEAD
<testsuite errors="0" failures="1" name="io.cucumber.core.plugin.JUnitFormatter" skipped="0" tests="7" time="66.813">
    <testcase classname="US013 test" name="tc059" time="19.106">
        <system-out><![CDATA[Then user asserts there are four parcels in page............................passed
]]></system-out>
    </testcase>
    <testcase classname="US013 test" name="tc060" time="3.5">
        <system-out><![CDATA[Then user clicks view more link.............................................passed
And user veryfies the website...............................................passed
]]></system-out>
    </testcase>
    <testcase classname="US013 test" name="tc061" time="5.784">
        <system-out><![CDATA[Then user clicks view more link.............................................passed
Then user clicks min price link.............................................passed
And user veryfies parcels are listed from min price to max price............passed
]]></system-out>
    </testcase>
    <testcase classname="US013 test" name="tc062" time="5.42">
        <system-out><![CDATA[Then user clicks view more link.............................................passed
Then user clicks max price link.............................................passed
And user veryfies parcels are listed from max price to min price............passed
]]></system-out>
    </testcase>
    <testcase classname="US013 test" name="tc063" time="23.816">
        <failure message="" type="java.lang.AssertionError"><![CDATA[Then user clicks view more link.............................................passed
Then user clicks left side M size...........................................passed
Then user veryfies at least one parcel are listed...........................failed

StackTrace:
java.lang.AssertionError
	at org.junit.Assert.fail(Assert.java:87)
	at org.junit.Assert.assertTrue(Assert.java:42)
	at org.junit.Assert.assertTrue(Assert.java:53)
	at stepdefinitions.US013StepDefinitions.user_veryfies_at_least_one_parcel_are_listed(US013StepDefinitions.java:70)
	at ✽.user veryfies at least one parcel are listed(file:///C:/Users/SAM/IdeaProjects/GlbTrader/src/test/resources/features/US013.feature:23)
]]></failure>
    </testcase>
    <testcase classname="US013 test" name="tc064" time="4.278">
        <system-out><![CDATA[Then user clicks view more link.............................................passed
Then user clicks free shippping link........................................passed
And user veryfies minimum nine parcels are listed...........................passed
]]></system-out>
    </testcase>
    <testcase classname="US013 test" name="tc065" time="4.298">
        <system-out><![CDATA[Then user clicks view more link.............................................passed
Then user clicks home button................................................passed
And user verifies home page.................................................passed
=======
<<<<<<< HEAD
<<<<<<< HEAD
<<<<<<< HEAD
<testsuite errors="0" failures="0" name="io.cucumber.core.plugin.JUnitFormatter" skipped="0" time="0.001"/>
=======
<testsuite errors="0" failures="0" name="io.cucumber.core.plugin.JUnitFormatter" skipped="0" tests="1" time="28.634">
    <testcase classname="Seller Sign in testi" name="TC019 Sayfadaki text kutucuguna email yazilabilmeli ve Forgot Passwort butonuna tiklandiginda sayfa yenilenmelidir." time="28.055">
        <system-out><![CDATA[Given user Seller Sign in a  tiklar.........................................passed
Given tc19 user enter your email kusutunsa "email" yazsin...................passed
And tc19 user enter your email kutusuna veri girdikten sonra Forgot Password tiklasin.passed
Then tc19 user fortgot password tiklandikdan sonra sayfanin yenilendigi test edilsin.passed
=======
<testsuite errors="0" failures="0" name="io.cucumber.core.plugin.JUnitFormatter" skipped="0" tests="1" time="24.463">
    <testcase classname="About us" name="US005 kullanici about us sayfasinda islem yapar" time="23.976">
        <system-out><![CDATA[Given kullanici "https://www.glbtrader.com/" sayfaya gider..................passed
And TC020 kullanici about us sayfasi tiklandiginda acilabilir oldugunu verify eder.passed
And TC021 kullanici about us title ve header about us olarak görüldügünü verify eder.passed
And TC022 kullanici tel nosunun "1-212-217-1900" oldugunu verify eder.......passed
Then TC023 kullanici metnin icerigini verify eder...........................passed
>>>>>>> 55df090e5b39eaf303391ee53f288a9b0e5cd301
=======
<testsuite errors="0" failures="0" name="io.cucumber.core.plugin.JUnitFormatter" skipped="0" tests="1" time="19.477">
<testcase classname="Sign In" name="run Sign In test" time="18.96">
<system-out><![CDATA[Given tc01 user writes true email and true password.........................passed
And tc02 user writes false email and true password..........................passed
And tc03 user writes true email and false password..........................passed
Then tc04 user writes false email and false password........................passed
>>>>>>> zehra
>>>>>>> master
=======
<testsuite errors="0" failures="8" name="io.cucumber.core.plugin.JUnitFormatter" skipped="0" tests="18" time="97.017">
    <testcase classname="US002 User Join Now" name="tc005  gecerli Sign in test" time="17.926">
        <system-out><![CDATA[Given user GlobalTrader sayfasina gider.....................................passed
And user Join now tiklar....................................................passed
And tc005 user Sign Up yazisini assert etsin................................passed
And tc005 user Email kutusuna gecerli text girsin...........................passed
And tc005 user Name kutusuna gecerli text girsin............................passed
And tc005 user Mobile kutusuna gecerli text girsin..........................passed
And tc005 user Password kutusuna gecerli text girsin........................passed
And tc005 user Confirm Password kutusuna gecerli text girsin................passed
Then tc005 user Sign Up butonuna tiklayabilmelidir..........................passed
]]></system-out>
    </testcase>
    <testcase classname="US002 User Join Now" name="tc006 Gecersiz Email Testi" time="4.997">
        <system-out><![CDATA[Given user GlobalTrader sayfasina gider.....................................passed
And user Join now tiklar....................................................passed
And tc006 user Email "glbtradermail.com" girer..............................passed
]]></system-out>
    </testcase>
    <testcase classname="US002 User Join Now" name="tc006 Gecersiz Email Testi 2" time="5.221">
        <system-out><![CDATA[Given user GlobalTrader sayfasina gider.....................................passed
And user Join now tiklar....................................................passed
And tc006 user Email "@mail.com" girer......................................passed
]]></system-out>
    </testcase>
    <testcase classname="US002 User Join Now" name="tc006 Gecersiz Email Testi 3" time="4.173">
        <system-out><![CDATA[Given user GlobalTrader sayfasina gider.....................................passed
And user Join now tiklar....................................................passed
And tc006 user Email "glbtrader@.com" girer.................................passed
]]></system-out>
    </testcase>
    <testcase classname="US002 User Join Now" name="tc006 Gecersiz Email Testi 4" time="4.904">
        <system-out><![CDATA[Given user GlobalTrader sayfasina gider.....................................passed
And user Join now tiklar....................................................passed
And tc006 user Email "glbtrader@mail." girer................................passed
]]></system-out>
    </testcase>
    <testcase classname="US002 User Join Now" name="tc007 Gecersiz Name Testi" time="3.641">
        <failure message="expected:&lt;3&gt; but was:&lt;5&gt;" type="java.lang.AssertionError"><![CDATA[Given user GlobalTrader sayfasina gider.....................................passed
And user Join now tiklar....................................................passed
And tc005 user Email kutusuna gecerli text girsin...........................passed
Then tc007 user Name "ABC1 C3" girer........................................failed

StackTrace:
java.lang.AssertionError: expected:<3> but was:<5>
	at org.junit.Assert.fail(Assert.java:89)
	at org.junit.Assert.failNotEquals(Assert.java:835)
	at org.junit.Assert.assertEquals(Assert.java:647)
	at org.junit.Assert.assertEquals(Assert.java:633)
	at stepdefinitions.US002StepDefinition.tc007_user_Name_girer(US002StepDefinition.java:101)
	at ✽.tc007 user Name "ABC1 C3" girer(file:///C:/Users/saltu/IdeaProjects/GlbTrader/src/test/resources/features/US002.feature:35)
]]></failure>
    </testcase>
    <testcase classname="US002 User Join Now" name="tc007 Gecersiz Name Testi 2" time="3.745">
        <failure message="expected:&lt;3&gt; but was:&lt;5&gt;" type="java.lang.AssertionError"><![CDATA[Given user GlobalTrader sayfasina gider.....................................passed
And user Join now tiklar....................................................passed
And tc005 user Email kutusuna gecerli text girsin...........................passed
Then tc007 user Name "3ABC 3L" girer........................................failed

StackTrace:
java.lang.AssertionError: expected:<3> but was:<5>
	at org.junit.Assert.fail(Assert.java:89)
	at org.junit.Assert.failNotEquals(Assert.java:835)
	at org.junit.Assert.assertEquals(Assert.java:647)
	at org.junit.Assert.assertEquals(Assert.java:633)
	at stepdefinitions.US002StepDefinition.tc007_user_Name_girer(US002StepDefinition.java:101)
	at ✽.tc007 user Name "3ABC 3L" girer(file:///C:/Users/saltu/IdeaProjects/GlbTrader/src/test/resources/features/US002.feature:35)
]]></failure>
    </testcase>
    <testcase classname="US002 User Join Now" name="tc007 Gecersiz Name Testi 3" time="3.718">
        <failure message="expected:&lt;3&gt; but was:&lt;5&gt;" type="java.lang.AssertionError"><![CDATA[Given user GlobalTrader sayfasina gider.....................................passed
And user Join now tiklar....................................................passed
And tc005 user Email kutusuna gecerli text girsin...........................passed
Then tc007 user Name "abc5 b5" girer........................................failed

StackTrace:
java.lang.AssertionError: expected:<3> but was:<5>
	at org.junit.Assert.fail(Assert.java:89)
	at org.junit.Assert.failNotEquals(Assert.java:835)
	at org.junit.Assert.assertEquals(Assert.java:647)
	at org.junit.Assert.assertEquals(Assert.java:633)
	at stepdefinitions.US002StepDefinition.tc007_user_Name_girer(US002StepDefinition.java:101)
	at ✽.tc007 user Name "abc5 b5" girer(file:///C:/Users/saltu/IdeaProjects/GlbTrader/src/test/resources/features/US002.feature:35)
]]></failure>
    </testcase>
    <testcase classname="US002 User Join Now" name="tc007 Gecersiz Name Testi 4" time="3.834">
        <failure message="expected:&lt;3&gt; but was:&lt;5&gt;" type="java.lang.AssertionError"><![CDATA[Given user GlobalTrader sayfasina gider.....................................passed
And user Join now tiklar....................................................passed
And tc005 user Email kutusuna gecerli text girsin...........................passed
Then tc007 user Name "8abc 9a" girer........................................failed

StackTrace:
java.lang.AssertionError: expected:<3> but was:<5>
	at org.junit.Assert.fail(Assert.java:89)
	at org.junit.Assert.failNotEquals(Assert.java:835)
	at org.junit.Assert.assertEquals(Assert.java:647)
	at org.junit.Assert.assertEquals(Assert.java:633)
	at stepdefinitions.US002StepDefinition.tc007_user_Name_girer(US002StepDefinition.java:101)
	at ✽.tc007 user Name "8abc 9a" girer(file:///C:/Users/saltu/IdeaProjects/GlbTrader/src/test/resources/features/US002.feature:35)
]]></failure>
    </testcase>
    <testcase classname="US002 User Join Now" name="tc008 Gecersiz Mobile Testi" time="3.892">
        <failure message="expected:&lt;3&gt; but was:&lt;5&gt;" type="java.lang.AssertionError"><![CDATA[Given user GlobalTrader sayfasina gider.....................................passed
And user Join now tiklar....................................................passed
And tc005 user Email kutusuna gecerli text girsin...........................passed
And tc005 user Name kutusuna gecerli text girsin............................passed
Then tc008 user Mobile "0533A4562" girer....................................failed

StackTrace:
java.lang.AssertionError: expected:<3> but was:<5>
	at org.junit.Assert.fail(Assert.java:89)
	at org.junit.Assert.failNotEquals(Assert.java:835)
	at org.junit.Assert.assertEquals(Assert.java:647)
	at org.junit.Assert.assertEquals(Assert.java:633)
	at stepdefinitions.US002StepDefinition.tc008_user_Mobile_girer(US002StepDefinition.java:109)
	at ✽.tc008 user Mobile "0533A4562" girer(file:///C:/Users/saltu/IdeaProjects/GlbTrader/src/test/resources/features/US002.feature:50)
]]></failure>
    </testcase>
    <testcase classname="US002 User Join Now" name="tc008 Gecersiz Mobile Testi 2" time="4.023">
        <failure message="expected:&lt;3&gt; but was:&lt;5&gt;" type="java.lang.AssertionError"><![CDATA[Given user GlobalTrader sayfasina gider.....................................passed
And user Join now tiklar....................................................passed
And tc005 user Email kutusuna gecerli text girsin...........................passed
And tc005 user Name kutusuna gecerli text girsin............................passed
Then tc008 user Mobile "A05335623" girer....................................failed

StackTrace:
java.lang.AssertionError: expected:<3> but was:<5>
	at org.junit.Assert.fail(Assert.java:89)
	at org.junit.Assert.failNotEquals(Assert.java:835)
	at org.junit.Assert.assertEquals(Assert.java:647)
	at org.junit.Assert.assertEquals(Assert.java:633)
	at stepdefinitions.US002StepDefinition.tc008_user_Mobile_girer(US002StepDefinition.java:109)
	at ✽.tc008 user Mobile "A05335623" girer(file:///C:/Users/saltu/IdeaProjects/GlbTrader/src/test/resources/features/US002.feature:50)
]]></failure>
    </testcase>
    <testcase classname="US002 User Join Now" name="tc008 Gecersiz Mobile Testi 3" time="4.231">
        <failure message="expected:&lt;3&gt; but was:&lt;5&gt;" type="java.lang.AssertionError"><![CDATA[Given user GlobalTrader sayfasina gider.....................................passed
And user Join now tiklar....................................................passed
And tc005 user Email kutusuna gecerli text girsin...........................passed
And tc005 user Name kutusuna gecerli text girsin............................passed
Then tc008 user Mobile "05334961a" girer....................................failed

StackTrace:
java.lang.AssertionError: expected:<3> but was:<5>
	at org.junit.Assert.fail(Assert.java:89)
	at org.junit.Assert.failNotEquals(Assert.java:835)
	at org.junit.Assert.assertEquals(Assert.java:647)
	at org.junit.Assert.assertEquals(Assert.java:633)
	at stepdefinitions.US002StepDefinition.tc008_user_Mobile_girer(US002StepDefinition.java:109)
	at ✽.tc008 user Mobile "05334961a" girer(file:///C:/Users/saltu/IdeaProjects/GlbTrader/src/test/resources/features/US002.feature:50)
]]></failure>
    </testcase>
    <testcase classname="US002 User Join Now" name="tc008 Gecersiz Mobile Testi 4" time="4.287">
        <failure message="expected:&lt;3&gt; but was:&lt;5&gt;" type="java.lang.AssertionError"><![CDATA[Given user GlobalTrader sayfasina gider.....................................passed
And user Join now tiklar....................................................passed
And tc005 user Email kutusuna gecerli text girsin...........................passed
And tc005 user Name kutusuna gecerli text girsin............................passed
Then tc008 user Mobile "a05334466" girer....................................failed

StackTrace:
java.lang.AssertionError: expected:<3> but was:<5>
	at org.junit.Assert.fail(Assert.java:89)
	at org.junit.Assert.failNotEquals(Assert.java:835)
	at org.junit.Assert.assertEquals(Assert.java:647)
	at org.junit.Assert.assertEquals(Assert.java:633)
	at stepdefinitions.US002StepDefinition.tc008_user_Mobile_girer(US002StepDefinition.java:109)
	at ✽.tc008 user Mobile "a05334466" girer(file:///C:/Users/saltu/IdeaProjects/GlbTrader/src/test/resources/features/US002.feature:50)
]]></failure>
    </testcase>
    <testcase classname="US002 User Join Now" name="tc009 Gecersiz Password Testi" time="5.24">
        <system-out><![CDATA[Given user GlobalTrader sayfasina gider.....................................passed
And user Join now tiklar....................................................passed
And tc005 user Email kutusuna gecerli text girsin...........................passed
And tc005 user Name kutusuna gecerli text girsin............................passed
And tc005 user Mobile kutusuna gecerli text girsin..........................passed
Then tc009 user Password "Abc1" girer.......................................passed
]]></system-out>
    </testcase>
    <testcase classname="US002 User Join Now" name="tc009 Gecersiz Password Testi 2" time="5.206">
        <system-out><![CDATA[Given user GlobalTrader sayfasina gider.....................................passed
And user Join now tiklar....................................................passed
And tc005 user Email kutusuna gecerli text girsin...........................passed
And tc005 user Name kutusuna gecerli text girsin............................passed
And tc005 user Mobile kutusuna gecerli text girsin..........................passed
Then tc009 user Password "aS1" girer........................................passed
]]></system-out>
    </testcase>
    <testcase classname="US002 User Join Now" name="tc009 Gecersiz Password Testi 3" time="5.137">
        <system-out><![CDATA[Given user GlobalTrader sayfasina gider.....................................passed
And user Join now tiklar....................................................passed
And tc005 user Email kutusuna gecerli text girsin...........................passed
And tc005 user Name kutusuna gecerli text girsin............................passed
And tc005 user Mobile kutusuna gecerli text girsin..........................passed
Then tc009 user Password "5s" girer.........................................passed
]]></system-out>
    </testcase>
    <testcase classname="US002 User Join Now" name="tc009 Gecersiz Password Testi 4" time="5.17">
        <system-out><![CDATA[Given user GlobalTrader sayfasina gider.....................................passed
And user Join now tiklar....................................................passed
And tc005 user Email kutusuna gecerli text girsin...........................passed
And tc005 user Name kutusuna gecerli text girsin............................passed
And tc005 user Mobile kutusuna gecerli text girsin..........................passed
Then tc009 user Password "6" girer..........................................passed
]]></system-out>
    </testcase>
    <testcase classname="US002 User Join Now" name="tc010 Login" time="6.555">
        <system-out><![CDATA[Given user GlobalTrader sayfasina gider.....................................passed
And user Join now tiklar....................................................passed
And tc010 user Login Here yazisina tiklasin.................................passed
And tc010 user yeni acilan sayfada Email ve Password text box'lari goruluyor olmalidir.passed
And tc010 user password hatirlamiyor ise Forgot Password kutusuna tiklasin..passed
Then tc010 user Email kutusu oldugu ve veri gonderimi yapilabildigini assert etsin.passed
>>>>>>> master
=======
<testsuite errors="0" failures="0" name="io.cucumber.core.plugin.JUnitFormatter" skipped="0" tests="1" time="11.982">
<testcase classname="Women clothing" name="TC043 Bu ürünün anasayfa search box ile" time="11.11">
<system-out><![CDATA[Given kullanici glbtrader sayfasina gider...................................passed
And searchboxa urun ismini girer............................................passed
Then sonuclarda aranilan urun kontrol edilir................................passed
>>>>>>> master
]]></system-out>
</testcase>
</testsuite>
